<?xml version="1.0" encoding="UTF-8"?>
<beans xmlns="http://www.springframework.org/schema/beans"
	xmlns:xsi="http://www.w3.org/2001/XMLSchema-instance"
	xmlns:context="http://www.springframework.org/schema/context"
	xsi:schemaLocation="http://www.springframework.org/schema/beans http://www.springframework.org/schema/beans/spring-beans-4.2.xsd
		http://www.springframework.org/schema/context http://www.springframework.org/schema/context/spring-context-4.2.xsd"> 

<!-- SPRING CONTEXT FOR TEST CASES -->

	<context:annotation-config/>
	<context:component-scan base-package="io.craigmiller160.school.context"/>
	<context:component-scan base-package='io.craigmiller160.school.util'/>

	<!-- Import the data context beans -->
	<import resource="data-context.xml"/>
	
	<!-- HibernateReset bean for resetting the auto-increment after database tests 
	<bean id="hibernateTestUtil" class="io.craigmiller160.school.persist.HibernateTestUtil">
		<constructor-arg name="sessionFactory" ref="sessionFactory"/>
	</bean>-->
	
	<!-- ApplicationContextProvider provides a means to get a shared context in a static way 
	<bean id="contextProvider" class="io.craigmiller160.school.context.ApplicationContextProvider" />-->

</beans>